# JRE version: OpenJDK Runtime Environment Temurin-21.0.10+7 (21.0.10+7) (build 21.0.10+7-LTS)
# Java VM: OpenJDK 64-Bit Server VM Temurin-21.0.10+7 (21.0.10+7-LTS, mixed mode, sharing, tiered, compressed oops, compressed class ptrs, parallel gc, windows-amd64)
GC Precious Log:
 CardTable entry size: 512
 CPUs: 4 total, 4 available
 Memory: 11982M
 Large Page Support: Disabled
 NUMA Support: Disabled
 Compressed Oops: Enabled (32-bit)
 Alignments: Space 512K, Generation 512K, Heap 2M
 Heap Min Capacity: 100M
 Heap Initial Capacity: 100M
 Heap Max Capacity: 2G
 Pre-touch: Disabled
 Parallel Workers: 4
Heap:
 PSYoungGen      total 14336K, used 9283K [0x00000000d5580000, 0x00000000d6980000, 0x0000000100000000)
  eden space 12800K, 62% used [0x00000000d5580000,0x00000000d5d50e68,0x00000000d6200000)
  from space 1536K, 83% used [0x00000000d6200000,0x00000000d6340020,0x00000000d6380000)
  to   space 3072K, 0% used [0x00000000d6680000,0x00000000d6680000,0x00000000d6980000)
 ParOldGen       total 101888K, used 101793K [0x0000000080000000, 0x0000000086380000, 0x00000000d5580000)
  object space 101888K, 99% used [0x0000000080000000,0x00000000863686d8,0x0000000086380000)
 Metaspace       used 72466K, committed 74176K, reserved 1179648K
  class space    used 7477K, committed 8192K, reserved 1048576K
GC Heap History (20 events):
Event: 19.172 GC heap before
{Heap before GC invocations=95 (full 3):
 PSYoungGen      total 14848K, used 14842K [0x00000000d5580000, 0x00000000d6b80000, 0x0000000100000000)
  eden space 14336K, 100% used [0x00000000d5580000,0x00000000d6380000,0x00000000d6380000)
  from space 512K, 98% used [0x00000000d6a80000,0x00000000d6afeb20,0x00000000d6b00000)
  to   space 512K, 0% used [0x00000000d6b00000,0x00000000d6b00000,0x00000000d6b80000)
 ParOldGen       total 89600K, used 89386K [0x0000000080000000, 0x0000000085780000, 0x00000000d5580000)
  object space 89600K, 99% used [0x0000000080000000,0x000000008574ab70,0x0000000085780000)
 Metaspace       used 67166K, committed 68800K, reserved 1114112K
  class space    used 6994K, committed 7680K, reserved 1048576K
}
Event: 19.173 GC heap after
{Heap after GC invocations=95 (full 3):
 PSYoungGen      total 14848K, used 445K [0x00000000d5580000, 0x00000000d6b80000, 0x0000000100000000)
  eden space 14336K, 0% used [0x00000000d5580000,0x00000000d5580000,0x00000000d6380000)
  from space 512K, 87% used [0x00000000d6b00000,0x00000000d6b6f5c8,0x00000000d6b80000)
  to   space 1024K, 0% used [0x00000000d6980000,0x00000000d6980000,0x00000000d6a80000)
 ParOldGen       total 90112K, used 89898K [0x0000000080000000, 0x0000000085800000, 0x00000000d5580000)
  object space 90112K, 99% used [0x0000000080000000,0x00000000857caaa8,0x0000000085800000)
 Metaspace       used 67166K, committed 68800K, reserved 1114112K
  class space    used 6994K, committed 7680K, reserved 1048576K
}
Event: 19.211 GC heap before
{Heap before GC invocations=96 (full 3):
 PSYoungGen      total 14848K, used 14781K [0x00000000d5580000, 0x00000000d6b80000, 0x0000000100000000)
  eden space 14336K, 100% used [0x00000000d5580000,0x00000000d6380000,0x00000000d6380000)
  from space 512K, 87% used [0x00000000d6b00000,0x00000000d6b6f5c8,0x00000000d6b80000)
  to   space 1024K, 0% used [0x00000000d6980000,0x00000000d6980000,0x00000000d6a80000)
 ParOldGen       total 90112K, used 89898K [0x0000000080000000, 0x0000000085800000, 0x00000000d5580000)
  object space 90112K, 99% used [0x0000000080000000,0x00000000857caaa8,0x0000000085800000)
 Metaspace       used 67174K, committed 68800K, reserved 1114112K
  class space    used 6994K, committed 7680K, reserved 1048576K
}
Event: 19.212 GC heap after
{Heap after GC invocations=96 (full 3):
 PSYoungGen      total 15360K, used 653K [0x00000000d5580000, 0x00000000d6b80000, 0x0000000100000000)
  eden space 14336K, 0% used [0x00000000d5580000,0x00000000d5580000,0x00000000d6380000)
  from space 1024K, 63% used [0x00000000d6980000,0x00000000d6a23720,0x00000000d6a80000)
  to   space 1024K, 0% used [0x00000000d6a80000,0x00000000d6a80000,0x00000000d6b80000)
 ParOldGen       total 90624K, used 90304K [0x0000000080000000, 0x0000000085880000, 0x00000000d5580000)
  object space 90624K, 99% used [0x0000000080000000,0x0000000085830070,0x0000000085880000)
 Metaspace       used 67174K, committed 68800K, reserved 1114112K
  class space    used 6994K, committed 7680K, reserved 1048576K
}
Event: 19.267 GC heap before
{Heap before GC invocations=97 (full 3):
 PSYoungGen      total 15360K, used 14989K [0x00000000d5580000, 0x00000000d6b80000, 0x0000000100000000)
  eden space 14336K, 100% used [0x00000000d5580000,0x00000000d6380000,0x00000000d6380000)
  from space 1024K, 63% used [0x00000000d6980000,0x00000000d6a23720,0x00000000d6a80000)
  to   space 1024K, 0% used [0x00000000d6a80000,0x00000000d6a80000,0x00000000d6b80000)
 ParOldGen       total 90624K, used 90304K [0x0000000080000000, 0x0000000085880000, 0x00000000d5580000)
  object space 90624K, 99% used [0x0000000080000000,0x0000000085830070,0x0000000085880000)
 Metaspace       used 67174K, committed 68800K, reserved 1114112K
  class space    used 6994K, committed 7680K, reserved 1048576K
}
Event: 19.269 GC heap after
{Heap after GC invocations=97 (full 3):
 PSYoungGen      total 15360K, used 734K [0x00000000d5580000, 0x00000000d6b80000, 0x0000000100000000)
  eden space 14336K, 0% used [0x00000000d5580000,0x00000000d5580000,0x00000000d6380000)
  from space 1024K, 71% used [0x00000000d6a80000,0x00000000d6b37a78,0x00000000d6b80000)
  to   space 1024K, 0% used [0x00000000d6980000,0x00000000d6980000,0x00000000d6a80000)
 ParOldGen       total 92160K, used 91660K [0x0000000080000000, 0x0000000085a00000, 0x00000000d5580000)
  object space 92160K, 99% used [0x0000000080000000,0x0000000085983080,0x0000000085a00000)
 Metaspace       used 67174K, committed 68800K, reserved 1114112K
  class space    used 6994K, committed 7680K, reserved 1048576K
}
Event: 19.365 GC heap before
{Heap before GC invocations=98 (full 3):
 PSYoungGen      total 15360K, used 15070K [0x00000000d5580000, 0x00000000d6b80000, 0x0000000100000000)
  eden space 14336K, 100% used [0x00000000d5580000,0x00000000d6380000,0x00000000d6380000)
  from space 1024K, 71% used [0x00000000d6a80000,0x00000000d6b37a78,0x00000000d6b80000)
  to   space 1024K, 0% used [0x00000000d6980000,0x00000000d6980000,0x00000000d6a80000)
 ParOldGen       total 92160K, used 91660K [0x0000000080000000, 0x0000000085a00000, 0x00000000d5580000)
  object space 92160K, 99% used [0x0000000080000000,0x0000000085983080,0x0000000085a00000)
 Metaspace       used 67274K, committed 68928K, reserved 1114112K
  class space    used 7011K, committed 7680K, reserved 1048576K
}
Event: 19.367 GC heap after
{Heap after GC invocations=98 (full 3):
 PSYoungGen      total 15360K, used 1011K [0x00000000d5580000, 0x00000000d6b00000, 0x0000000100000000)
  eden space 14336K, 0% used [0x00000000d5580000,0x00000000d5580000,0x00000000d6380000)
  from space 1024K, 98% used [0x00000000d6980000,0x00000000d6a7cef0,0x00000000d6a80000)
  to   space 512K, 0% used [0x00000000d6a80000,0x00000000d6a80000,0x00000000d6b00000)
 ParOldGen       total 92672K, used 92437K [0x0000000080000000, 0x0000000085a80000, 0x00000000d5580000)
  object space 92672K, 99% used [0x0000000080000000,0x0000000085a45770,0x0000000085a80000)
 Metaspace       used 67274K, committed 68928K, reserved 1114112K
  class space    used 7011K, committed 7680K, reserved 1048576K
}
Event: 19.508 GC heap before
{Heap before GC invocations=99 (full 3):
 PSYoungGen      total 15360K, used 15347K [0x00000000d5580000, 0x00000000d6b00000, 0x0000000100000000)
  eden space 14336K, 100% used [0x00000000d5580000,0x00000000d6380000,0x00000000d6380000)
  from space 1024K, 98% used [0x00000000d6980000,0x00000000d6a7cef0,0x00000000d6a80000)
  to   space 512K, 0% used [0x00000000d6a80000,0x00000000d6a80000,0x00000000d6b00000)
 ParOldGen       total 92672K, used 92437K [0x0000000080000000, 0x0000000085a80000, 0x00000000d5580000)
  object space 92672K, 99% used [0x0000000080000000,0x0000000085a45770,0x0000000085a80000)
 Metaspace       used 67415K, committed 68992K, reserved 1114112K
  class space    used 7017K, committed 7680K, reserved 1048576K
}
Event: 19.510 GC heap after
{Heap after GC invocations=99 (full 3):
 PSYoungGen      total 14848K, used 500K [0x00000000d5580000, 0x00000000d6b00000, 0x0000000100000000)
  eden space 14336K, 0% used [0x00000000d5580000,0x00000000d5580000,0x00000000d6380000)
  from space 512K, 97% used [0x00000000d6a80000,0x00000000d6afd200,0x00000000d6b00000)
  to   space 2048K, 0% used [0x00000000d6700000,0x00000000d6700000,0x00000000d6900000)
 ParOldGen       total 94208K, used 93774K [0x0000000080000000, 0x0000000085c00000, 0x00000000d5580000)
  object space 94208K, 99% used [0x0000000080000000,0x0000000085b93bf8,0x0000000085c00000)
 Metaspace       used 67415K, committed 68992K, reserved 1114112K
  class space    used 7017K, committed 7680K, reserved 1048576K
}
Event: 20.170 GC heap before
{Heap before GC invocations=100 (full 3):
 PSYoungGen      total 14848K, used 14836K [0x00000000d5580000, 0x00000000d6b00000, 0x0000000100000000)
  eden space 14336K, 100% used [0x00000000d5580000,0x00000000d6380000,0x00000000d6380000)
  from space 512K, 97% used [0x00000000d6a80000,0x00000000d6afd200,0x00000000d6b00000)
  to   space 2048K, 0% used [0x00000000d6700000,0x00000000d6700000,0x00000000d6900000)
 ParOldGen       total 94208K, used 93774K [0x0000000080000000, 0x0000000085c00000, 0x00000000d5580000)
  object space 94208K, 99% used [0x0000000080000000,0x0000000085b93bf8,0x0000000085c00000)
 Metaspace       used 68432K, committed 70080K, reserved 1114112K
  class space    used 7093K, committed 7808K, reserved 1048576K
}
Event: 20.173 GC heap after
{Heap after GC invocations=100 (full 3):
 PSYoungGen      total 16384K, used 1242K [0x00000000d5580000, 0x00000000d6b00000, 0x0000000100000000)
  eden space 14336K, 0% used [0x00000000d5580000,0x00000000d5580000,0x00000000d6380000)
  from space 2048K, 60% used [0x00000000d6700000,0x00000000d6836900,0x00000000d6900000)
  to   space 1536K, 0% used [0x00000000d6980000,0x00000000d6980000,0x00000000d6b00000)
 ParOldGen       total 94720K, used 94279K [0x0000000080000000, 0x0000000085c80000, 0x00000000d5580000)
  object space 94720K, 99% used [0x0000000080000000,0x0000000085c11e28,0x0000000085c80000)
 Metaspace       used 68432K, committed 70080K, reserved 1114112K
  class space    used 7093K, committed 7808K, reserved 1048576K
}
Event: 20.447 GC heap before
{Heap before GC invocations=101 (full 3):
 PSYoungGen      total 16384K, used 15575K [0x00000000d5580000, 0x00000000d6b00000, 0x0000000100000000)
  eden space 14336K, 99% used [0x00000000d5580000,0x00000000d637f318,0x00000000d6380000)
  from space 2048K, 60% used [0x00000000d6700000,0x00000000d6836900,0x00000000d6900000)
  to   space 1536K, 0% used [0x00000000d6980000,0x00000000d6980000,0x00000000d6b00000)
 ParOldGen       total 94720K, used 94279K [0x0000000080000000, 0x0000000085c80000, 0x00000000d5580000)
  object space 94720K, 99% used [0x0000000080000000,0x0000000085c11e28,0x0000000085c80000)
 Metaspace       used 69873K, committed 71552K, reserved 1114112K
  class space    used 7210K, committed 7936K, reserved 1048576K
}
Event: 20.449 GC heap after
{Heap after GC invocations=101 (full 3):
 PSYoungGen      total 15872K, used 1280K [0x00000000d5580000, 0x00000000d6b00000, 0x0000000100000000)
  eden space 14336K, 0% used [0x00000000d5580000,0x00000000d5580000,0x00000000d6380000)
  from space 1536K, 83% used [0x00000000d6980000,0x00000000d6ac0000,0x00000000d6b00000)
  to   space 1536K, 0% used [0x00000000d6800000,0x00000000d6800000,0x00000000d6980000)
 ParOldGen       total 95744K, used 95437K [0x0000000080000000, 0x0000000085d80000, 0x00000000d5580000)
  object space 95744K, 99% used [0x0000000080000000,0x0000000085d33670,0x0000000085d80000)
 Metaspace       used 69873K, committed 71552K, reserved 1114112K
  class space    used 7210K, committed 7936K, reserved 1048576K
}
Event: 21.134 GC heap before
{Heap before GC invocations=102 (full 3):
 PSYoungGen      total 15872K, used 15616K [0x00000000d5580000, 0x00000000d6b00000, 0x0000000100000000)
  eden space 14336K, 100% used [0x00000000d5580000,0x00000000d6380000,0x00000000d6380000)
  from space 1536K, 83% used [0x00000000d6980000,0x00000000d6ac0000,0x00000000d6b00000)
  to   space 1536K, 0% used [0x00000000d6800000,0x00000000d6800000,0x00000000d6980000)
 ParOldGen       total 95744K, used 95437K [0x0000000080000000, 0x0000000085d80000, 0x00000000d5580000)
  object space 95744K, 99% used [0x0000000080000000,0x0000000085d33670,0x0000000085d80000)
 Metaspace       used 70891K, committed 72512K, reserved 1114112K
  class space    used 7303K, committed 8000K, reserved 1048576K
}
Event: 21.136 GC heap after
{Heap after GC invocations=102 (full 3):
 PSYoungGen      total 15360K, used 654K [0x00000000d5580000, 0x00000000d6a00000, 0x0000000100000000)
  eden space 14336K, 0% used [0x00000000d5580000,0x00000000d5580000,0x00000000d6380000)
  from space 1024K, 63% used [0x00000000d6800000,0x00000000d68a3850,0x00000000d6900000)
  to   space 1024K, 0% used [0x00000000d6900000,0x00000000d6900000,0x00000000d6a00000)
 ParOldGen       total 96768K, used 96623K [0x0000000080000000, 0x0000000085e80000, 0x00000000d5580000)
  object space 96768K, 99% used [0x0000000080000000,0x0000000085e5be50,0x0000000085e80000)
 Metaspace       used 70891K, committed 72512K, reserved 1114112K
  class space    used 7303K, committed 8000K, reserved 1048576K
}
Event: 23.663 GC heap before
{Heap before GC invocations=103 (full 3):
 PSYoungGen      total 15360K, used 14990K [0x00000000d5580000, 0x00000000d6a00000, 0x0000000100000000)
  eden space 14336K, 100% used [0x00000000d5580000,0x00000000d6380000,0x00000000d6380000)
  from space 1024K, 63% used [0x00000000d6800000,0x00000000d68a3850,0x00000000d6900000)
  to   space 1024K, 0% used [0x00000000d6900000,0x00000000d6900000,0x00000000d6a00000)
 ParOldGen       total 96768K, used 96623K [0x0000000080000000, 0x0000000085e80000, 0x00000000d5580000)
  object space 96768K, 99% used [0x0000000080000000,0x0000000085e5be50,0x0000000085e80000)
 Metaspace       used 71521K, committed 73216K, reserved 1114112K
  class space    used 7372K, committed 8064K, reserved 1048576K
}
Event: 23.666 GC heap after
{Heap after GC invocations=103 (full 3):
 PSYoungGen      total 13824K, used 1008K [0x00000000d5580000, 0x00000000d7180000, 0x0000000100000000)
  eden space 12800K, 0% used [0x00000000d5580000,0x00000000d5580000,0x00000000d6200000)
  from space 1024K, 98% used [0x00000000d6900000,0x00000000d69fc330,0x00000000d6a00000)
  to   space 7168K, 0% used [0x00000000d6200000,0x00000000d6200000,0x00000000d6900000)
 ParOldGen       total 101888K, used 101665K [0x0000000080000000, 0x0000000086380000, 0x00000000d5580000)
  object space 101888K, 99% used [0x0000000080000000,0x00000000863486d8,0x0000000086380000)
 Metaspace       used 71521K, committed 73216K, reserved 1114112K
  class space    used 7372K, committed 8064K, reserved 1048576K
}
Event: 155.331 GC heap before
{Heap before GC invocations=104 (full 3):
 PSYoungGen      total 13824K, used 13808K [0x00000000d5580000, 0x00000000d7180000, 0x0000000100000000)
  eden space 12800K, 100% used [0x00000000d5580000,0x00000000d6200000,0x00000000d6200000)
  from space 1024K, 98% used [0x00000000d6900000,0x00000000d69fc330,0x00000000d6a00000)
  to   space 7168K, 0% used [0x00000000d6200000,0x00000000d6200000,0x00000000d6900000)
 ParOldGen       total 101888K, used 101665K [0x0000000080000000, 0x0000000086380000, 0x00000000d5580000)
  object space 101888K, 99% used [0x0000000080000000,0x00000000863486d8,0x0000000086380000)
 Metaspace       used 72086K, committed 73728K, reserved 1179648K
  class space    used 7435K, committed 8128K, reserved 1048576K
}
Event: 155.336 GC heap after
{Heap after GC invocations=104 (full 3):
 PSYoungGen      total 14336K, used 1280K [0x00000000d5580000, 0x00000000d6980000, 0x0000000100000000)
  eden space 12800K, 0% used [0x00000000d5580000,0x00000000d5580000,0x00000000d6200000)
  from space 1536K, 83% used [0x00000000d6200000,0x00000000d6340020,0x00000000d6380000)
  to   space 3072K, 0% used [0x00000000d6680000,0x00000000d6680000,0x00000000d6980000)
 ParOldGen       total 101888K, used 101793K [0x0000000080000000, 0x0000000086380000, 0x00000000d5580000)
  object space 101888K, 99% used [0x0000000080000000,0x00000000863686d8,0x0000000086380000)
 Metaspace       used 72086K, committed 73728K, reserved 1179648K
  class space    used 7435K, committed 8128K, reserved 1048576K
}

