# JRE version: OpenJDK Runtime Environment Temurin-21.0.10+7 (21.0.10+7) (build 21.0.10+7-LTS)
# Java VM: OpenJDK 64-Bit Server VM Temurin-21.0.10+7 (21.0.10+7-LTS, mixed mode, sharing, tiered, compressed oops, compressed class ptrs, parallel gc, windows-amd64)
GC Precious Log:
 CardTable entry size: 512
 CPUs: 4 total, 4 available
 Memory: 11982M
 Large Page Support: Disabled
 NUMA Support: Disabled
 Compressed Oops: Enabled (32-bit)
 Alignments: Space 512K, Generation 512K, Heap 2M
 Heap Min Capacity: 100M
 Heap Initial Capacity: 100M
 Heap Max Capacity: 2G
 Pre-touch: Disabled
 Parallel Workers: 4
Heap:
 PSYoungGen      total 2560K, used 987K [0x00000000d5580000, 0x00000000d5a80000, 0x0000000100000000)
  eden space 1536K, 55% used [0x00000000d5580000,0x00000000d5656c90,0x00000000d5700000)
  from space 1024K, 12% used [0x00000000d5880000,0x00000000d58a0000,0x00000000d5980000)
  to   space 512K, 0% used [0x00000000d5a00000,0x00000000d5a00000,0x00000000d5a80000)
 ParOldGen       total 114176K, used 114005K [0x0000000080000000, 0x0000000086f80000, 0x00000000d5580000)
  object space 114176K, 99% used [0x0000000080000000,0x0000000086f557f0,0x0000000086f80000)
 Metaspace       used 70953K, committed 72512K, reserved 1114112K
  class space    used 7305K, committed 8000K, reserved 1048576K
GC Heap History (20 events):
Event: 19.031 GC heap before
{Heap before GC invocations=295 (full 3):
 PSYoungGen      total 2048K, used 1621K [0x00000000d5580000, 0x00000000d5a80000, 0x0000000100000000)
  eden space 1536K, 99% used [0x00000000d5580000,0x00000000d56fd558,0x00000000d5700000)
  from space 512K, 18% used [0x00000000d5980000,0x00000000d5998000,0x00000000d5a00000)
  to   space 512K, 0% used [0x00000000d5a00000,0x00000000d5a00000,0x00000000d5a80000)
 ParOldGen       total 111616K, used 111178K [0x0000000080000000, 0x0000000086d00000, 0x00000000d5580000)
  object space 111616K, 99% used [0x0000000080000000,0x0000000086c92b90,0x0000000086d00000)
 Metaspace       used 70548K, committed 72064K, reserved 1114112K
  class space    used 7282K, committed 7936K, reserved 1048576K
}
Event: 19.032 GC heap after
{Heap after GC invocations=295 (full 3):
 PSYoungGen      total 2048K, used 178K [0x00000000d5580000, 0x00000000d5a80000, 0x0000000100000000)
  eden space 1536K, 0% used [0x00000000d5580000,0x00000000d5580000,0x00000000d5700000)
  from space 512K, 34% used [0x00000000d5a00000,0x00000000d5a2c8e0,0x00000000d5a80000)
  to   space 512K, 0% used [0x00000000d5980000,0x00000000d5980000,0x00000000d5a00000)
 ParOldGen       total 111616K, used 111258K [0x0000000080000000, 0x0000000086d00000, 0x00000000d5580000)
  object space 111616K, 99% used [0x0000000080000000,0x0000000086ca6b90,0x0000000086d00000)
 Metaspace       used 70548K, committed 72064K, reserved 1114112K
  class space    used 7282K, committed 7936K, reserved 1048576K
}
Event: 19.056 GC heap before
{Heap before GC invocations=296 (full 3):
 PSYoungGen      total 2048K, used 1714K [0x00000000d5580000, 0x00000000d5a80000, 0x0000000100000000)
  eden space 1536K, 100% used [0x00000000d5580000,0x00000000d5700000,0x00000000d5700000)
  from space 512K, 34% used [0x00000000d5a00000,0x00000000d5a2c8e0,0x00000000d5a80000)
  to   space 512K, 0% used [0x00000000d5980000,0x00000000d5980000,0x00000000d5a00000)
 ParOldGen       total 111616K, used 111258K [0x0000000080000000, 0x0000000086d00000, 0x00000000d5580000)
  object space 111616K, 99% used [0x0000000080000000,0x0000000086ca6b90,0x0000000086d00000)
 Metaspace       used 70566K, committed 72064K, reserved 1114112K
  class space    used 7282K, committed 7936K, reserved 1048576K
}
Event: 19.058 GC heap after
{Heap after GC invocations=296 (full 3):
 PSYoungGen      total 2048K, used 483K [0x00000000d5580000, 0x00000000d5a80000, 0x0000000100000000)
  eden space 1536K, 0% used [0x00000000d5580000,0x00000000d5580000,0x00000000d5700000)
  from space 512K, 94% used [0x00000000d5980000,0x00000000d59f8d40,0x00000000d5a00000)
  to   space 512K, 0% used [0x00000000d5a00000,0x00000000d5a00000,0x00000000d5a80000)
 ParOldGen       total 112128K, used 111656K [0x0000000080000000, 0x0000000086d80000, 0x00000000d5580000)
  object space 112128K, 99% used [0x0000000080000000,0x0000000086d0a1a8,0x0000000086d80000)
 Metaspace       used 70566K, committed 72064K, reserved 1114112K
  class space    used 7282K, committed 7936K, reserved 1048576K
}
Event: 19.098 GC heap before
{Heap before GC invocations=297 (full 3):
 PSYoungGen      total 2048K, used 2019K [0x00000000d5580000, 0x00000000d5a80000, 0x0000000100000000)
  eden space 1536K, 100% used [0x00000000d5580000,0x00000000d5700000,0x00000000d5700000)
  from space 512K, 94% used [0x00000000d5980000,0x00000000d59f8d40,0x00000000d5a00000)
  to   space 512K, 0% used [0x00000000d5a00000,0x00000000d5a00000,0x00000000d5a80000)
 ParOldGen       total 112128K, used 111656K [0x0000000080000000, 0x0000000086d80000, 0x00000000d5580000)
  object space 112128K, 99% used [0x0000000080000000,0x0000000086d0a1a8,0x0000000086d80000)
 Metaspace       used 70571K, committed 72064K, reserved 1114112K
  class space    used 7282K, committed 7936K, reserved 1048576K
}
Event: 19.099 GC heap after
{Heap after GC invocations=297 (full 3):
 PSYoungGen      total 2048K, used 192K [0x00000000d5580000, 0x00000000d5a80000, 0x0000000100000000)
  eden space 1536K, 0% used [0x00000000d5580000,0x00000000d5580000,0x00000000d5700000)
  from space 512K, 37% used [0x00000000d5a00000,0x00000000d5a30000,0x00000000d5a80000)
  to   space 512K, 0% used [0x00000000d5980000,0x00000000d5980000,0x00000000d5a00000)
 ParOldGen       total 112640K, used 112157K [0x0000000080000000, 0x0000000086e00000, 0x00000000d5580000)
  object space 112640K, 99% used [0x0000000080000000,0x0000000086d876b8,0x0000000086e00000)
 Metaspace       used 70571K, committed 72064K, reserved 1114112K
  class space    used 7282K, committed 7936K, reserved 1048576K
}
Event: 19.153 GC heap before
{Heap before GC invocations=298 (full 3):
 PSYoungGen      total 2048K, used 1728K [0x00000000d5580000, 0x00000000d5a80000, 0x0000000100000000)
  eden space 1536K, 100% used [0x00000000d5580000,0x00000000d5700000,0x00000000d5700000)
  from space 512K, 37% used [0x00000000d5a00000,0x00000000d5a30000,0x00000000d5a80000)
  to   space 512K, 0% used [0x00000000d5980000,0x00000000d5980000,0x00000000d5a00000)
 ParOldGen       total 112640K, used 112157K [0x0000000080000000, 0x0000000086e00000, 0x00000000d5580000)
  object space 112640K, 99% used [0x0000000080000000,0x0000000086d876b8,0x0000000086e00000)
 Metaspace       used 70587K, committed 72064K, reserved 1114112K
  class space    used 7282K, committed 7936K, reserved 1048576K
}
Event: 19.154 GC heap after
{Heap after GC invocations=298 (full 3):
 PSYoungGen      total 2048K, used 506K [0x00000000d5580000, 0x00000000d5a80000, 0x0000000100000000)
  eden space 1536K, 0% used [0x00000000d5580000,0x00000000d5580000,0x00000000d5700000)
  from space 512K, 98% used [0x00000000d5980000,0x00000000d59fe910,0x00000000d5a00000)
  to   space 512K, 0% used [0x00000000d5a00000,0x00000000d5a00000,0x00000000d5a80000)
 ParOldGen       total 112640K, used 112494K [0x0000000080000000, 0x0000000086e00000, 0x00000000d5580000)
  object space 112640K, 99% used [0x0000000080000000,0x0000000086ddba78,0x0000000086e00000)
 Metaspace       used 70587K, committed 72064K, reserved 1114112K
  class space    used 7282K, committed 7936K, reserved 1048576K
}
Event: 19.166 GC heap before
{Heap before GC invocations=299 (full 3):
 PSYoungGen      total 2048K, used 2042K [0x00000000d5580000, 0x00000000d5a80000, 0x0000000100000000)
  eden space 1536K, 100% used [0x00000000d5580000,0x00000000d5700000,0x00000000d5700000)
  from space 512K, 98% used [0x00000000d5980000,0x00000000d59fe910,0x00000000d5a00000)
  to   space 512K, 0% used [0x00000000d5a00000,0x00000000d5a00000,0x00000000d5a80000)
 ParOldGen       total 112640K, used 112494K [0x0000000080000000, 0x0000000086e00000, 0x00000000d5580000)
  object space 112640K, 99% used [0x0000000080000000,0x0000000086ddba78,0x0000000086e00000)
 Metaspace       used 70587K, committed 72064K, reserved 1114112K
  class space    used 7282K, committed 7936K, reserved 1048576K
}
Event: 19.167 GC heap after
{Heap after GC invocations=299 (full 3):
 PSYoungGen      total 2048K, used 160K [0x00000000d5580000, 0x00000000d5a80000, 0x0000000100000000)
  eden space 1536K, 0% used [0x00000000d5580000,0x00000000d5580000,0x00000000d5700000)
  from space 512K, 31% used [0x00000000d5a00000,0x00000000d5a28000,0x00000000d5a80000)
  to   space 512K, 0% used [0x00000000d5980000,0x00000000d5980000,0x00000000d5a00000)
 ParOldGen       total 113152K, used 113117K [0x0000000080000000, 0x0000000086e80000, 0x00000000d5580000)
  object space 113152K, 99% used [0x0000000080000000,0x0000000086e777c0,0x0000000086e80000)
 Metaspace       used 70587K, committed 72064K, reserved 1114112K
  class space    used 7282K, committed 7936K, reserved 1048576K
}
Event: 19.197 GC heap before
{Heap before GC invocations=300 (full 3):
 PSYoungGen      total 2048K, used 1696K [0x00000000d5580000, 0x00000000d5a80000, 0x0000000100000000)
  eden space 1536K, 100% used [0x00000000d5580000,0x00000000d5700000,0x00000000d5700000)
  from space 512K, 31% used [0x00000000d5a00000,0x00000000d5a28000,0x00000000d5a80000)
  to   space 512K, 0% used [0x00000000d5980000,0x00000000d5980000,0x00000000d5a00000)
 ParOldGen       total 113152K, used 113117K [0x0000000080000000, 0x0000000086e80000, 0x00000000d5580000)
  object space 113152K, 99% used [0x0000000080000000,0x0000000086e777c0,0x0000000086e80000)
 Metaspace       used 70746K, committed 72256K, reserved 1114112K
  class space    used 7291K, committed 7936K, reserved 1048576K
}
Event: 19.197 GC heap after
{Heap after GC invocations=300 (full 3):
 PSYoungGen      total 2048K, used 193K [0x00000000d5580000, 0x00000000d5a80000, 0x0000000100000000)
  eden space 1536K, 0% used [0x00000000d5580000,0x00000000d5580000,0x00000000d5700000)
  from space 512K, 37% used [0x00000000d5980000,0x00000000d59b0760,0x00000000d5a00000)
  to   space 512K, 0% used [0x00000000d5a00000,0x00000000d5a00000,0x00000000d5a80000)
 ParOldGen       total 113664K, used 113205K [0x0000000080000000, 0x0000000086f00000, 0x00000000d5580000)
  object space 113664K, 99% used [0x0000000080000000,0x0000000086e8d7c0,0x0000000086f00000)
 Metaspace       used 70746K, committed 72256K, reserved 1114112K
  class space    used 7291K, committed 7936K, reserved 1048576K
}
Event: 19.334 GC heap before
{Heap before GC invocations=301 (full 3):
 PSYoungGen      total 2048K, used 1729K [0x00000000d5580000, 0x00000000d5a80000, 0x0000000100000000)
  eden space 1536K, 100% used [0x00000000d5580000,0x00000000d5700000,0x00000000d5700000)
  from space 512K, 37% used [0x00000000d5980000,0x00000000d59b0760,0x00000000d5a00000)
  to   space 512K, 0% used [0x00000000d5a00000,0x00000000d5a00000,0x00000000d5a80000)
 ParOldGen       total 113664K, used 113205K [0x0000000080000000, 0x0000000086f00000, 0x00000000d5580000)
  object space 113664K, 99% used [0x0000000080000000,0x0000000086e8d7c0,0x0000000086f00000)
 Metaspace       used 70818K, committed 72384K, reserved 1114112K
  class space    used 7302K, committed 8000K, reserved 1048576K
}
Event: 19.335 GC heap after
{Heap after GC invocations=301 (full 3):
 PSYoungGen      total 2048K, used 224K [0x00000000d5580000, 0x00000000d5a80000, 0x0000000100000000)
  eden space 1536K, 0% used [0x00000000d5580000,0x00000000d5580000,0x00000000d5700000)
  from space 512K, 43% used [0x00000000d5a00000,0x00000000d5a38000,0x00000000d5a80000)
  to   space 512K, 0% used [0x00000000d5980000,0x00000000d5980000,0x00000000d5a00000)
 ParOldGen       total 113664K, used 113269K [0x0000000080000000, 0x0000000086f00000, 0x00000000d5580000)
  object space 113664K, 99% used [0x0000000080000000,0x0000000086e9d7c0,0x0000000086f00000)
 Metaspace       used 70818K, committed 72384K, reserved 1114112K
  class space    used 7302K, committed 8000K, reserved 1048576K
}
Event: 31.912 GC heap before
{Heap before GC invocations=302 (full 3):
 PSYoungGen      total 2048K, used 1760K [0x00000000d5580000, 0x00000000d5a80000, 0x0000000100000000)
  eden space 1536K, 100% used [0x00000000d5580000,0x00000000d5700000,0x00000000d5700000)
  from space 512K, 43% used [0x00000000d5a00000,0x00000000d5a38000,0x00000000d5a80000)
  to   space 512K, 0% used [0x00000000d5980000,0x00000000d5980000,0x00000000d5a00000)
 ParOldGen       total 113664K, used 113269K [0x0000000080000000, 0x0000000086f00000, 0x00000000d5580000)
  object space 113664K, 99% used [0x0000000080000000,0x0000000086e9d7c0,0x0000000086f00000)
 Metaspace       used 70857K, committed 72448K, reserved 1114112K
  class space    used 7303K, committed 8000K, reserved 1048576K
}
Event: 31.913 GC heap after
{Heap after GC invocations=302 (full 3):
 PSYoungGen      total 2048K, used 224K [0x00000000d5580000, 0x00000000d5a80000, 0x0000000100000000)
  eden space 1536K, 0% used [0x00000000d5580000,0x00000000d5580000,0x00000000d5700000)
  from space 512K, 43% used [0x00000000d5980000,0x00000000d59b8000,0x00000000d5a00000)
  to   space 512K, 0% used [0x00000000d5a00000,0x00000000d5a00000,0x00000000d5a80000)
 ParOldGen       total 113664K, used 113349K [0x0000000080000000, 0x0000000086f00000, 0x00000000d5580000)
  object space 113664K, 99% used [0x0000000080000000,0x0000000086eb17c0,0x0000000086f00000)
 Metaspace       used 70857K, committed 72448K, reserved 1114112K
  class space    used 7303K, committed 8000K, reserved 1048576K
}
Event: 31.951 GC heap before
{Heap before GC invocations=303 (full 3):
 PSYoungGen      total 2048K, used 1760K [0x00000000d5580000, 0x00000000d5a80000, 0x0000000100000000)
  eden space 1536K, 100% used [0x00000000d5580000,0x00000000d5700000,0x00000000d5700000)
  from space 512K, 43% used [0x00000000d5980000,0x00000000d59b8000,0x00000000d5a00000)
  to   space 512K, 0% used [0x00000000d5a00000,0x00000000d5a00000,0x00000000d5a80000)
 ParOldGen       total 113664K, used 113349K [0x0000000080000000, 0x0000000086f00000, 0x00000000d5580000)
  object space 113664K, 99% used [0x0000000080000000,0x0000000086eb17c0,0x0000000086f00000)
 Metaspace       used 70875K, committed 72448K, reserved 1114112K
  class space    used 7303K, committed 8000K, reserved 1048576K
}
Event: 31.954 GC heap after
{Heap after GC invocations=303 (full 3):
 PSYoungGen      total 2048K, used 480K [0x00000000d5580000, 0x00000000d5a80000, 0x0000000100000000)
  eden space 1536K, 0% used [0x00000000d5580000,0x00000000d5580000,0x00000000d5700000)
  from space 512K, 93% used [0x00000000d5a00000,0x00000000d5a78030,0x00000000d5a80000)
  to   space 1024K, 0% used [0x00000000d5880000,0x00000000d5880000,0x00000000d5980000)
 ParOldGen       total 114176K, used 113701K [0x0000000080000000, 0x0000000086f80000, 0x00000000d5580000)
  object space 114176K, 99% used [0x0000000080000000,0x0000000086f097d0,0x0000000086f80000)
 Metaspace       used 70875K, committed 72448K, reserved 1114112K
  class space    used 7303K, committed 8000K, reserved 1048576K
}
Event: 66.432 GC heap before
{Heap before GC invocations=304 (full 3):
 PSYoungGen      total 2048K, used 2016K [0x00000000d5580000, 0x00000000d5a80000, 0x0000000100000000)
  eden space 1536K, 100% used [0x00000000d5580000,0x00000000d5700000,0x00000000d5700000)
  from space 512K, 93% used [0x00000000d5a00000,0x00000000d5a78030,0x00000000d5a80000)
  to   space 1024K, 0% used [0x00000000d5880000,0x00000000d5880000,0x00000000d5980000)
 ParOldGen       total 114176K, used 113701K [0x0000000080000000, 0x0000000086f80000, 0x00000000d5580000)
  object space 114176K, 99% used [0x0000000080000000,0x0000000086f097d0,0x0000000086f80000)
 Metaspace       used 70913K, committed 72448K, reserved 1114112K
  class space    used 7305K, committed 8000K, reserved 1048576K
}
Event: 66.433 GC heap after
{Heap after GC invocations=304 (full 3):
 PSYoungGen      total 2560K, used 128K [0x00000000d5580000, 0x00000000d5a80000, 0x0000000100000000)
  eden space 1536K, 0% used [0x00000000d5580000,0x00000000d5580000,0x00000000d5700000)
  from space 1024K, 12% used [0x00000000d5880000,0x00000000d58a0000,0x00000000d5980000)
  to   space 512K, 0% used [0x00000000d5a00000,0x00000000d5a00000,0x00000000d5a80000)
 ParOldGen       total 114176K, used 114005K [0x0000000080000000, 0x0000000086f80000, 0x00000000d5580000)
  object space 114176K, 99% used [0x0000000080000000,0x0000000086f557f0,0x0000000086f80000)
 Metaspace       used 70913K, committed 72448K, reserved 1114112K
  class space    used 7305K, committed 8000K, reserved 1048576K
}

