# JRE version: OpenJDK Runtime Environment Temurin-21.0.10+7 (21.0.10+7) (build 21.0.10+7-LTS)
# Java VM: OpenJDK 64-Bit Server VM Temurin-21.0.10+7 (21.0.10+7-LTS, mixed mode, sharing, tiered, compressed oops, compressed class ptrs, parallel gc, windows-amd64)
GC Precious Log:
 CardTable entry size: 512
 CPUs: 4 total, 4 available
 Memory: 11982M
 Large Page Support: Disabled
 NUMA Support: Disabled
 Compressed Oops: Enabled (32-bit)
 Alignments: Space 512K, Generation 512K, Heap 2M
 Heap Min Capacity: 100M
 Heap Initial Capacity: 100M
 Heap Max Capacity: 2G
 Pre-touch: Disabled
 Parallel Workers: 4
Heap:
 PSYoungGen      total 20480K, used 13840K [0x00000000d5580000, 0x00000000d6d80000, 0x0000000100000000)
  eden space 17408K, 62% used [0x00000000d5580000,0x00000000d600db98,0x00000000d6680000)
  from space 3072K, 98% used [0x00000000d6680000,0x00000000d6976518,0x00000000d6980000)
  to   space 3584K, 0% used [0x00000000d6a00000,0x00000000d6a00000,0x00000000d6d80000)
 ParOldGen       total 68608K, used 34631K [0x0000000080000000, 0x0000000084300000, 0x00000000d5580000)
  object space 68608K, 50% used [0x0000000080000000,0x00000000821d1da0,0x0000000084300000)
 Metaspace       used 44959K, committed 45952K, reserved 1114112K
  class space    used 4457K, committed 4864K, reserved 1048576K
GC Heap History (20 events):
Event: 11.020 GC heap before
{Heap before GC invocations=20 (full 1):
 PSYoungGen      total 20480K, used 2127K [0x00000000d5580000, 0x00000000d6c00000, 0x0000000100000000)
  eden space 19456K, 6% used [0x00000000d5580000,0x00000000d56c1c40,0x00000000d6880000)
  from space 1024K, 82% used [0x00000000d6b00000,0x00000000d6bd22f8,0x00000000d6c00000)
  to   space 1536K, 0% used [0x00000000d6900000,0x00000000d6900000,0x00000000d6a80000)
 ParOldGen       total 68608K, used 29779K [0x0000000080000000, 0x0000000084300000, 0x00000000d5580000)
  object space 68608K, 43% used [0x0000000080000000,0x0000000081d14f78,0x0000000084300000)
 Metaspace       used 35284K, committed 36160K, reserved 1114112K
  class space    used 3592K, committed 3968K, reserved 1048576K
}
Event: 11.023 GC heap after
{Heap after GC invocations=20 (full 1):
 PSYoungGen      total 20992K, used 96K [0x00000000d5580000, 0x00000000d6b80000, 0x0000000100000000)
  eden space 19456K, 0% used [0x00000000d5580000,0x00000000d5580000,0x00000000d6880000)
  from space 1536K, 6% used [0x00000000d6900000,0x00000000d6918000,0x00000000d6a80000)
  to   space 512K, 0% used [0x00000000d6b00000,0x00000000d6b00000,0x00000000d6b80000)
 ParOldGen       total 68608K, used 30457K [0x0000000080000000, 0x0000000084300000, 0x00000000d5580000)
  object space 68608K, 44% used [0x0000000080000000,0x0000000081dbe728,0x0000000084300000)
 Metaspace       used 35284K, committed 36160K, reserved 1114112K
  class space    used 3592K, committed 3968K, reserved 1048576K
}
Event: 11.023 GC heap before
{Heap before GC invocations=21 (full 2):
 PSYoungGen      total 20992K, used 96K [0x00000000d5580000, 0x00000000d6b80000, 0x0000000100000000)
  eden space 19456K, 0% used [0x00000000d5580000,0x00000000d5580000,0x00000000d6880000)
  from space 1536K, 6% used [0x00000000d6900000,0x00000000d6918000,0x00000000d6a80000)
  to   space 512K, 0% used [0x00000000d6b00000,0x00000000d6b00000,0x00000000d6b80000)
 ParOldGen       total 68608K, used 30457K [0x0000000080000000, 0x0000000084300000, 0x00000000d5580000)
  object space 68608K, 44% used [0x0000000080000000,0x0000000081dbe728,0x0000000084300000)
 Metaspace       used 35284K, committed 36160K, reserved 1114112K
  class space    used 3592K, committed 3968K, reserved 1048576K
}
Event: 11.176 GC heap after
{Heap after GC invocations=21 (full 2):
 PSYoungGen      total 20992K, used 0K [0x00000000d5580000, 0x00000000d6b80000, 0x0000000100000000)
  eden space 19456K, 0% used [0x00000000d5580000,0x00000000d5580000,0x00000000d6880000)
  from space 1536K, 0% used [0x00000000d6900000,0x00000000d6900000,0x00000000d6a80000)
  to   space 512K, 0% used [0x00000000d6b00000,0x00000000d6b00000,0x00000000d6b80000)
 ParOldGen       total 68608K, used 28681K [0x0000000080000000, 0x0000000084300000, 0x00000000d5580000)
  object space 68608K, 41% used [0x0000000080000000,0x0000000081c026d0,0x0000000084300000)
 Metaspace       used 35251K, committed 36160K, reserved 1114112K
  class space    used 3582K, committed 3968K, reserved 1048576K
}
Event: 12.179 GC heap before
{Heap before GC invocations=22 (full 2):
 PSYoungGen      total 20992K, used 19397K [0x00000000d5580000, 0x00000000d6b80000, 0x0000000100000000)
  eden space 19456K, 99% used [0x00000000d5580000,0x00000000d68717f8,0x00000000d6880000)
  from space 1536K, 0% used [0x00000000d6900000,0x00000000d6900000,0x00000000d6a80000)
  to   space 512K, 0% used [0x00000000d6b00000,0x00000000d6b00000,0x00000000d6b80000)
 ParOldGen       total 68608K, used 28681K [0x0000000080000000, 0x0000000084300000, 0x00000000d5580000)
  object space 68608K, 41% used [0x0000000080000000,0x0000000081c026d0,0x0000000084300000)
 Metaspace       used 36722K, committed 37632K, reserved 1114112K
  class space    used 3716K, committed 4096K, reserved 1048576K
}
Event: 12.183 GC heap after
{Heap after GC invocations=22 (full 2):
 PSYoungGen      total 19968K, used 400K [0x00000000d5580000, 0x00000000d6b80000, 0x0000000100000000)
  eden space 19456K, 0% used [0x00000000d5580000,0x00000000d5580000,0x00000000d6880000)
  from space 512K, 78% used [0x00000000d6b00000,0x00000000d6b64010,0x00000000d6b80000)
  to   space 512K, 0% used [0x00000000d6a80000,0x00000000d6a80000,0x00000000d6b00000)
 ParOldGen       total 68608K, used 28689K [0x0000000080000000, 0x0000000084300000, 0x00000000d5580000)
  object space 68608K, 41% used [0x0000000080000000,0x0000000081c046d0,0x0000000084300000)
 Metaspace       used 36722K, committed 37632K, reserved 1114112K
  class space    used 3716K, committed 4096K, reserved 1048576K
}
Event: 13.278 GC heap before
{Heap before GC invocations=23 (full 2):
 PSYoungGen      total 19968K, used 19856K [0x00000000d5580000, 0x00000000d6b80000, 0x0000000100000000)
  eden space 19456K, 100% used [0x00000000d5580000,0x00000000d6880000,0x00000000d6880000)
  from space 512K, 78% used [0x00000000d6b00000,0x00000000d6b64010,0x00000000d6b80000)
  to   space 512K, 0% used [0x00000000d6a80000,0x00000000d6a80000,0x00000000d6b00000)
 ParOldGen       total 68608K, used 28689K [0x0000000080000000, 0x0000000084300000, 0x00000000d5580000)
  object space 68608K, 41% used [0x0000000080000000,0x0000000081c046d0,0x0000000084300000)
 Metaspace       used 37970K, committed 38848K, reserved 1114112K
  class space    used 3842K, committed 4224K, reserved 1048576K
}
Event: 13.281 GC heap after
{Heap after GC invocations=23 (full 2):
 PSYoungGen      total 19968K, used 512K [0x00000000d5580000, 0x00000000d6b80000, 0x0000000100000000)
  eden space 19456K, 0% used [0x00000000d5580000,0x00000000d5580000,0x00000000d6880000)
  from space 512K, 100% used [0x00000000d6a80000,0x00000000d6b00000,0x00000000d6b00000)
  to   space 512K, 0% used [0x00000000d6b00000,0x00000000d6b00000,0x00000000d6b80000)
 ParOldGen       total 68608K, used 28991K [0x0000000080000000, 0x0000000084300000, 0x00000000d5580000)
  object space 68608K, 42% used [0x0000000080000000,0x0000000081c4fcd0,0x0000000084300000)
 Metaspace       used 37970K, committed 38848K, reserved 1114112K
  class space    used 3842K, committed 4224K, reserved 1048576K
}
Event: 14.175 GC heap before
{Heap before GC invocations=24 (full 2):
 PSYoungGen      total 19968K, used 19967K [0x00000000d5580000, 0x00000000d6b80000, 0x0000000100000000)
  eden space 19456K, 99% used [0x00000000d5580000,0x00000000d687fff0,0x00000000d6880000)
  from space 512K, 100% used [0x00000000d6a80000,0x00000000d6b00000,0x00000000d6b00000)
  to   space 512K, 0% used [0x00000000d6b00000,0x00000000d6b00000,0x00000000d6b80000)
 ParOldGen       total 68608K, used 28991K [0x0000000080000000, 0x0000000084300000, 0x00000000d5580000)
  object space 68608K, 42% used [0x0000000080000000,0x0000000081c4fcd0,0x0000000084300000)
 Metaspace       used 39141K, committed 40064K, reserved 1114112K
  class space    used 3964K, committed 4416K, reserved 1048576K
}
Event: 14.180 GC heap after
{Heap after GC invocations=24 (full 2):
 PSYoungGen      total 19456K, used 512K [0x00000000d5580000, 0x00000000d6e80000, 0x0000000100000000)
  eden space 18944K, 0% used [0x00000000d5580000,0x00000000d5580000,0x00000000d6800000)
  from space 512K, 100% used [0x00000000d6b00000,0x00000000d6b80000,0x00000000d6b80000)
  to   space 3072K, 0% used [0x00000000d6800000,0x00000000d6800000,0x00000000d6b00000)
 ParOldGen       total 68608K, used 30788K [0x0000000080000000, 0x0000000084300000, 0x00000000d5580000)
  object space 68608K, 44% used [0x0000000080000000,0x0000000081e11120,0x0000000084300000)
 Metaspace       used 39141K, committed 40064K, reserved 1114112K
  class space    used 3964K, committed 4416K, reserved 1048576K
}
Event: 14.536 GC heap before
{Heap before GC invocations=25 (full 2):
 PSYoungGen      total 19456K, used 19456K [0x00000000d5580000, 0x00000000d6e80000, 0x0000000100000000)
  eden space 18944K, 100% used [0x00000000d5580000,0x00000000d6800000,0x00000000d6800000)
  from space 512K, 100% used [0x00000000d6b00000,0x00000000d6b80000,0x00000000d6b80000)
  to   space 3072K, 0% used [0x00000000d6800000,0x00000000d6800000,0x00000000d6b00000)
 ParOldGen       total 68608K, used 30788K [0x0000000080000000, 0x0000000084300000, 0x00000000d5580000)
  object space 68608K, 44% used [0x0000000080000000,0x0000000081e11120,0x0000000084300000)
 Metaspace       used 39259K, committed 40256K, reserved 1114112K
  class space    used 3966K, committed 4416K, reserved 1048576K
}
Event: 14.543 GC heap after
{Heap after GC invocations=25 (full 2):
 PSYoungGen      total 20992K, used 1745K [0x00000000d5580000, 0x00000000d6c00000, 0x0000000100000000)
  eden space 18944K, 0% used [0x00000000d5580000,0x00000000d5580000,0x00000000d6800000)
  from space 2048K, 85% used [0x00000000d6800000,0x00000000d69b4798,0x00000000d6a00000)
  to   space 2048K, 0% used [0x00000000d6a00000,0x00000000d6a00000,0x00000000d6c00000)
 ParOldGen       total 68608K, used 31308K [0x0000000080000000, 0x0000000084300000, 0x00000000d5580000)
  object space 68608K, 45% used [0x0000000080000000,0x0000000081e93120,0x0000000084300000)
 Metaspace       used 39259K, committed 40256K, reserved 1114112K
  class space    used 3966K, committed 4416K, reserved 1048576K
}
Event: 14.928 GC heap before
{Heap before GC invocations=26 (full 2):
 PSYoungGen      total 20992K, used 20689K [0x00000000d5580000, 0x00000000d6c00000, 0x0000000100000000)
  eden space 18944K, 100% used [0x00000000d5580000,0x00000000d6800000,0x00000000d6800000)
  from space 2048K, 85% used [0x00000000d6800000,0x00000000d69b4798,0x00000000d6a00000)
  to   space 2048K, 0% used [0x00000000d6a00000,0x00000000d6a00000,0x00000000d6c00000)
 ParOldGen       total 68608K, used 31308K [0x0000000080000000, 0x0000000084300000, 0x00000000d5580000)
  object space 68608K, 45% used [0x0000000080000000,0x0000000081e93120,0x0000000084300000)
 Metaspace       used 39546K, committed 40448K, reserved 1114112K
  class space    used 3998K, committed 4416K, reserved 1048576K
}
Event: 14.933 GC heap after
{Heap after GC invocations=26 (full 2):
 PSYoungGen      total 19968K, used 733K [0x00000000d5580000, 0x00000000d6b00000, 0x0000000100000000)
  eden space 18944K, 0% used [0x00000000d5580000,0x00000000d5580000,0x00000000d6800000)
  from space 1024K, 71% used [0x00000000d6a00000,0x00000000d6ab7428,0x00000000d6b00000)
  to   space 1536K, 0% used [0x00000000d6800000,0x00000000d6800000,0x00000000d6980000)
 ParOldGen       total 68608K, used 31989K [0x0000000080000000, 0x0000000084300000, 0x00000000d5580000)
  object space 68608K, 46% used [0x0000000080000000,0x0000000081f3d500,0x0000000084300000)
 Metaspace       used 39546K, committed 40448K, reserved 1114112K
  class space    used 3998K, committed 4416K, reserved 1048576K
}
Event: 15.700 GC heap before
{Heap before GC invocations=27 (full 2):
 PSYoungGen      total 19968K, used 19677K [0x00000000d5580000, 0x00000000d6b00000, 0x0000000100000000)
  eden space 18944K, 100% used [0x00000000d5580000,0x00000000d6800000,0x00000000d6800000)
  from space 1024K, 71% used [0x00000000d6a00000,0x00000000d6ab7428,0x00000000d6b00000)
  to   space 1536K, 0% used [0x00000000d6800000,0x00000000d6800000,0x00000000d6980000)
 ParOldGen       total 68608K, used 31989K [0x0000000080000000, 0x0000000084300000, 0x00000000d5580000)
  object space 68608K, 46% used [0x0000000080000000,0x0000000081f3d500,0x0000000084300000)
 Metaspace       used 41171K, committed 42176K, reserved 1114112K
  class space    used 4125K, committed 4544K, reserved 1048576K
}
Event: 15.704 GC heap after
{Heap after GC invocations=27 (full 2):
 PSYoungGen      total 20480K, used 751K [0x00000000d5580000, 0x00000000d6a80000, 0x0000000100000000)
  eden space 18944K, 0% used [0x00000000d5580000,0x00000000d5580000,0x00000000d6800000)
  from space 1536K, 48% used [0x00000000d6800000,0x00000000d68bbdc8,0x00000000d6980000)
  to   space 1024K, 0% used [0x00000000d6980000,0x00000000d6980000,0x00000000d6a80000)
 ParOldGen       total 68608K, used 32133K [0x0000000080000000, 0x0000000084300000, 0x00000000d5580000)
  object space 68608K, 46% used [0x0000000080000000,0x0000000081f61500,0x0000000084300000)
 Metaspace       used 41171K, committed 42176K, reserved 1114112K
  class space    used 4125K, committed 4544K, reserved 1048576K
}
Event: 16.898 GC heap before
{Heap before GC invocations=28 (full 2):
 PSYoungGen      total 20480K, used 19695K [0x00000000d5580000, 0x00000000d6a80000, 0x0000000100000000)
  eden space 18944K, 99% used [0x00000000d5580000,0x00000000d67ffff8,0x00000000d6800000)
  from space 1536K, 48% used [0x00000000d6800000,0x00000000d68bbdc8,0x00000000d6980000)
  to   space 1024K, 0% used [0x00000000d6980000,0x00000000d6980000,0x00000000d6a80000)
 ParOldGen       total 68608K, used 32133K [0x0000000080000000, 0x0000000084300000, 0x00000000d5580000)
  object space 68608K, 46% used [0x0000000080000000,0x0000000081f61500,0x0000000084300000)
 Metaspace       used 42203K, committed 43264K, reserved 1114112K
  class space    used 4233K, committed 4672K, reserved 1048576K
}
Event: 16.909 GC heap after
{Heap after GC invocations=28 (full 2):
 PSYoungGen      total 18432K, used 1009K [0x00000000d5580000, 0x00000000d6e00000, 0x0000000100000000)
  eden space 17408K, 0% used [0x00000000d5580000,0x00000000d5580000,0x00000000d6680000)
  from space 1024K, 98% used [0x00000000d6980000,0x00000000d6a7c440,0x00000000d6a80000)
  to   space 3072K, 0% used [0x00000000d6680000,0x00000000d6680000,0x00000000d6980000)
 ParOldGen       total 68608K, used 33667K [0x0000000080000000, 0x0000000084300000, 0x00000000d5580000)
  object space 68608K, 49% used [0x0000000080000000,0x00000000820e0ec8,0x0000000084300000)
 Metaspace       used 42203K, committed 43264K, reserved 1114112K
  class space    used 4233K, committed 4672K, reserved 1048576K
}
Event: 18.984 GC heap before
{Heap before GC invocations=29 (full 2):
 PSYoungGen      total 18432K, used 18417K [0x00000000d5580000, 0x00000000d6e00000, 0x0000000100000000)
  eden space 17408K, 100% used [0x00000000d5580000,0x00000000d6680000,0x00000000d6680000)
  from space 1024K, 98% used [0x00000000d6980000,0x00000000d6a7c440,0x00000000d6a80000)
  to   space 3072K, 0% used [0x00000000d6680000,0x00000000d6680000,0x00000000d6980000)
 ParOldGen       total 68608K, used 33667K [0x0000000080000000, 0x0000000084300000, 0x00000000d5580000)
  object space 68608K, 49% used [0x0000000080000000,0x00000000820e0ec8,0x0000000084300000)
 Metaspace       used 43703K, committed 44736K, reserved 1114112K
  class space    used 4336K, committed 4736K, reserved 1048576K
}
Event: 18.997 GC heap after
{Heap after GC invocations=29 (full 2):
 PSYoungGen      total 20480K, used 3033K [0x00000000d5580000, 0x00000000d6d80000, 0x0000000100000000)
  eden space 17408K, 0% used [0x00000000d5580000,0x00000000d5580000,0x00000000d6680000)
  from space 3072K, 98% used [0x00000000d6680000,0x00000000d6976518,0x00000000d6980000)
  to   space 3584K, 0% used [0x00000000d6a00000,0x00000000d6a00000,0x00000000d6d80000)
 ParOldGen       total 68608K, used 34631K [0x0000000080000000, 0x0000000084300000, 0x00000000d5580000)
  object space 68608K, 50% used [0x0000000080000000,0x00000000821d1da0,0x0000000084300000)
 Metaspace       used 43703K, committed 44736K, reserved 1114112K
  class space    used 4336K, committed 4736K, reserved 1048576K
}

