# JRE version: OpenJDK Runtime Environment Temurin-21.0.10+7 (21.0.10+7) (build 21.0.10+7-LTS)
# Java VM: OpenJDK 64-Bit Server VM Temurin-21.0.10+7 (21.0.10+7-LTS, mixed mode, sharing, tiered, compressed oops, compressed class ptrs, parallel gc, windows-amd64)
GC Precious Log:
 CardTable entry size: 512
 CPUs: 4 total, 4 available
 Memory: 11982M
 Large Page Support: Disabled
 NUMA Support: Disabled
 Compressed Oops: Enabled (32-bit)
 Alignments: Space 512K, Generation 512K, Heap 2M
 Heap Min Capacity: 100M
 Heap Initial Capacity: 100M
 Heap Max Capacity: 2G
 Pre-touch: Disabled
 Parallel Workers: 4
Heap:
 PSYoungGen      total 23040K, used 19699K [0x00000000d5580000, 0x00000000d7100000, 0x0000000100000000)
  eden space 22016K, 85% used [0x00000000d5580000,0x00000000d67e40d8,0x00000000d6b00000)
  from space 1024K, 84% used [0x00000000d6f00000,0x00000000d6fd8de0,0x00000000d7000000)
  to   space 1024K, 0% used [0x00000000d7000000,0x00000000d7000000,0x00000000d7100000)
 ParOldGen       total 68608K, used 49505K [0x0000000080000000, 0x0000000084300000, 0x00000000d5580000)
  object space 68608K, 72% used [0x0000000080000000,0x0000000083058580,0x0000000084300000)
 Metaspace       used 56581K, committed 57920K, reserved 1114112K
  class space    used 6136K, committed 6720K, reserved 1048576K
GC Heap History (20 events):
Event: 23.754 GC heap before
{Heap before GC invocations=22 (full 2):
 PSYoungGen      total 27648K, used 22880K [0x00000000d5580000, 0x00000000d7700000, 0x0000000100000000)
  eden space 22016K, 100% used [0x00000000d5580000,0x00000000d6b00000,0x00000000d6b00000)
  from space 5632K, 15% used [0x00000000d6e80000,0x00000000d6f58000,0x00000000d7400000)
  to   space 2560K, 0% used [0x00000000d7480000,0x00000000d7480000,0x00000000d7700000)
 ParOldGen       total 68608K, used 33921K [0x0000000080000000, 0x0000000084300000, 0x00000000d5580000)
  object space 68608K, 49% used [0x0000000080000000,0x0000000082120628,0x0000000084300000)
 Metaspace       used 48635K, committed 49920K, reserved 1114112K
  class space    used 5282K, committed 5824K, reserved 1048576K
}
Event: 23.762 GC heap after
{Heap after GC invocations=22 (full 2):
 PSYoungGen      total 24064K, used 1752K [0x00000000d5580000, 0x00000000d7680000, 0x0000000100000000)
  eden space 22016K, 0% used [0x00000000d5580000,0x00000000d5580000,0x00000000d6b00000)
  from space 2048K, 85% used [0x00000000d7480000,0x00000000d76361d8,0x00000000d7680000)
  to   space 2048K, 0% used [0x00000000d7280000,0x00000000d7280000,0x00000000d7480000)
 ParOldGen       total 68608K, used 34653K [0x0000000080000000, 0x0000000084300000, 0x00000000d5580000)
  object space 68608K, 50% used [0x0000000080000000,0x00000000821d77f8,0x0000000084300000)
 Metaspace       used 48635K, committed 49920K, reserved 1114112K
  class space    used 5282K, committed 5824K, reserved 1048576K
}
Event: 23.912 GC heap before
{Heap before GC invocations=23 (full 2):
 PSYoungGen      total 24064K, used 23768K [0x00000000d5580000, 0x00000000d7680000, 0x0000000100000000)
  eden space 22016K, 100% used [0x00000000d5580000,0x00000000d6b00000,0x00000000d6b00000)
  from space 2048K, 85% used [0x00000000d7480000,0x00000000d76361d8,0x00000000d7680000)
  to   space 2048K, 0% used [0x00000000d7280000,0x00000000d7280000,0x00000000d7480000)
 ParOldGen       total 68608K, used 34653K [0x0000000080000000, 0x0000000084300000, 0x00000000d5580000)
  object space 68608K, 50% used [0x0000000080000000,0x00000000821d77f8,0x0000000084300000)
 Metaspace       used 48637K, committed 49920K, reserved 1114112K
  class space    used 5282K, committed 5824K, reserved 1048576K
}
Event: 23.924 GC heap after
{Heap after GC invocations=23 (full 2):
 PSYoungGen      total 24064K, used 1984K [0x00000000d5580000, 0x00000000d7500000, 0x0000000100000000)
  eden space 22016K, 0% used [0x00000000d5580000,0x00000000d5580000,0x00000000d6b00000)
  from space 2048K, 96% used [0x00000000d7280000,0x00000000d7470010,0x00000000d7480000)
  to   space 512K, 0% used [0x00000000d7480000,0x00000000d7480000,0x00000000d7500000)
 ParOldGen       total 68608K, used 36346K [0x0000000080000000, 0x0000000084300000, 0x00000000d5580000)
  object space 68608K, 52% used [0x0000000080000000,0x000000008237ea28,0x0000000084300000)
 Metaspace       used 48637K, committed 49920K, reserved 1114112K
  class space    used 5282K, committed 5824K, reserved 1048576K
}
Event: 24.166 GC heap before
{Heap before GC invocations=24 (full 2):
 PSYoungGen      total 24064K, used 24000K [0x00000000d5580000, 0x00000000d7500000, 0x0000000100000000)
  eden space 22016K, 100% used [0x00000000d5580000,0x00000000d6b00000,0x00000000d6b00000)
  from space 2048K, 96% used [0x00000000d7280000,0x00000000d7470010,0x00000000d7480000)
  to   space 512K, 0% used [0x00000000d7480000,0x00000000d7480000,0x00000000d7500000)
 ParOldGen       total 68608K, used 36346K [0x0000000080000000, 0x0000000084300000, 0x00000000d5580000)
  object space 68608K, 52% used [0x0000000080000000,0x000000008237ea28,0x0000000084300000)
 Metaspace       used 49003K, committed 50240K, reserved 1114112K
  class space    used 5339K, committed 5888K, reserved 1048576K
}
Event: 24.177 GC heap after
{Heap after GC invocations=24 (full 2):
 PSYoungGen      total 22528K, used 482K [0x00000000d5580000, 0x00000000d7500000, 0x0000000100000000)
  eden space 22016K, 0% used [0x00000000d5580000,0x00000000d5580000,0x00000000d6b00000)
  from space 512K, 94% used [0x00000000d7480000,0x00000000d74f8810,0x00000000d7500000)
  to   space 4608K, 0% used [0x00000000d6c00000,0x00000000d6c00000,0x00000000d7080000)
 ParOldGen       total 68608K, used 40034K [0x0000000080000000, 0x0000000084300000, 0x00000000d5580000)
  object space 68608K, 58% used [0x0000000080000000,0x0000000082718a38,0x0000000084300000)
 Metaspace       used 49003K, committed 50240K, reserved 1114112K
  class space    used 5339K, committed 5888K, reserved 1048576K
}
Event: 24.352 GC heap before
{Heap before GC invocations=25 (full 2):
 PSYoungGen      total 22528K, used 22498K [0x00000000d5580000, 0x00000000d7500000, 0x0000000100000000)
  eden space 22016K, 100% used [0x00000000d5580000,0x00000000d6b00000,0x00000000d6b00000)
  from space 512K, 94% used [0x00000000d7480000,0x00000000d74f8810,0x00000000d7500000)
  to   space 4608K, 0% used [0x00000000d6c00000,0x00000000d6c00000,0x00000000d7080000)
 ParOldGen       total 68608K, used 40034K [0x0000000080000000, 0x0000000084300000, 0x00000000d5580000)
  object space 68608K, 58% used [0x0000000080000000,0x0000000082718a38,0x0000000084300000)
 Metaspace       used 49026K, committed 50304K, reserved 1114112K
  class space    used 5339K, committed 5888K, reserved 1048576K
}
Event: 24.359 GC heap after
{Heap after GC invocations=25 (full 2):
 PSYoungGen      total 26624K, used 2048K [0x00000000d5580000, 0x00000000d7500000, 0x0000000100000000)
  eden space 22016K, 0% used [0x00000000d5580000,0x00000000d5580000,0x00000000d6b00000)
  from space 4608K, 44% used [0x00000000d6c00000,0x00000000d6e00000,0x00000000d7080000)
  to   space 3072K, 0% used [0x00000000d7200000,0x00000000d7200000,0x00000000d7500000)
 ParOldGen       total 68608K, used 40528K [0x0000000080000000, 0x0000000084300000, 0x00000000d5580000)
  object space 68608K, 59% used [0x0000000080000000,0x0000000082794358,0x0000000084300000)
 Metaspace       used 49026K, committed 50304K, reserved 1114112K
  class space    used 5339K, committed 5888K, reserved 1048576K
}
Event: 24.514 GC heap before
{Heap before GC invocations=26 (full 2):
 PSYoungGen      total 26624K, used 24064K [0x00000000d5580000, 0x00000000d7500000, 0x0000000100000000)
  eden space 22016K, 100% used [0x00000000d5580000,0x00000000d6b00000,0x00000000d6b00000)
  from space 4608K, 44% used [0x00000000d6c00000,0x00000000d6e00000,0x00000000d7080000)
  to   space 3072K, 0% used [0x00000000d7200000,0x00000000d7200000,0x00000000d7500000)
 ParOldGen       total 68608K, used 40528K [0x0000000080000000, 0x0000000084300000, 0x00000000d5580000)
  object space 68608K, 59% used [0x0000000080000000,0x0000000082794358,0x0000000084300000)
 Metaspace       used 49030K, committed 50368K, reserved 1114112K
  class space    used 5339K, committed 5888K, reserved 1048576K
}
Event: 24.526 GC heap after
{Heap after GC invocations=26 (full 2):
 PSYoungGen      total 24576K, used 2084K [0x00000000d5580000, 0x00000000d7480000, 0x0000000100000000)
  eden space 22016K, 0% used [0x00000000d5580000,0x00000000d5580000,0x00000000d6b00000)
  from space 2560K, 81% used [0x00000000d7200000,0x00000000d7409000,0x00000000d7480000)
  to   space 2560K, 0% used [0x00000000d6f80000,0x00000000d6f80000,0x00000000d7200000)
 ParOldGen       total 68608K, used 42456K [0x0000000080000000, 0x0000000084300000, 0x00000000d5580000)
  object space 68608K, 61% used [0x0000000080000000,0x0000000082976358,0x0000000084300000)
 Metaspace       used 49030K, committed 50368K, reserved 1114112K
  class space    used 5339K, committed 5888K, reserved 1048576K
}
Event: 24.730 GC heap before
{Heap before GC invocations=27 (full 2):
 PSYoungGen      total 24576K, used 24100K [0x00000000d5580000, 0x00000000d7480000, 0x0000000100000000)
  eden space 22016K, 100% used [0x00000000d5580000,0x00000000d6b00000,0x00000000d6b00000)
  from space 2560K, 81% used [0x00000000d7200000,0x00000000d7409000,0x00000000d7480000)
  to   space 2560K, 0% used [0x00000000d6f80000,0x00000000d6f80000,0x00000000d7200000)
 ParOldGen       total 68608K, used 42456K [0x0000000080000000, 0x0000000084300000, 0x00000000d5580000)
  object space 68608K, 61% used [0x0000000080000000,0x0000000082976358,0x0000000084300000)
 Metaspace       used 49061K, committed 50368K, reserved 1114112K
  class space    used 5340K, committed 5888K, reserved 1048576K
}
Event: 24.742 GC heap after
{Heap after GC invocations=27 (full 2):
 PSYoungGen      total 24576K, used 2080K [0x00000000d5580000, 0x00000000d7280000, 0x0000000100000000)
  eden space 22016K, 0% used [0x00000000d5580000,0x00000000d5580000,0x00000000d6b00000)
  from space 2560K, 81% used [0x00000000d6f80000,0x00000000d7188010,0x00000000d7200000)
  to   space 512K, 0% used [0x00000000d7200000,0x00000000d7200000,0x00000000d7280000)
 ParOldGen       total 68608K, used 44441K [0x0000000080000000, 0x0000000084300000, 0x00000000d5580000)
  object space 68608K, 64% used [0x0000000080000000,0x0000000082b66458,0x0000000084300000)
 Metaspace       used 49061K, committed 50368K, reserved 1114112K
  class space    used 5340K, committed 5888K, reserved 1048576K
}
Event: 24.959 GC heap before
{Heap before GC invocations=28 (full 2):
 PSYoungGen      total 24576K, used 24093K [0x00000000d5580000, 0x00000000d7280000, 0x0000000100000000)
  eden space 22016K, 99% used [0x00000000d5580000,0x00000000d6aff618,0x00000000d6b00000)
  from space 2560K, 81% used [0x00000000d6f80000,0x00000000d7188010,0x00000000d7200000)
  to   space 512K, 0% used [0x00000000d7200000,0x00000000d7200000,0x00000000d7280000)
 ParOldGen       total 68608K, used 44441K [0x0000000080000000, 0x0000000084300000, 0x00000000d5580000)
  object space 68608K, 64% used [0x0000000080000000,0x0000000082b66458,0x0000000084300000)
 Metaspace       used 49145K, committed 50432K, reserved 1114112K
  class space    used 5350K, committed 5888K, reserved 1048576K
}
Event: 24.973 GC heap after
{Heap after GC invocations=28 (full 2):
 PSYoungGen      total 22528K, used 512K [0x00000000d5580000, 0x00000000d7400000, 0x0000000100000000)
  eden space 22016K, 0% used [0x00000000d5580000,0x00000000d5580000,0x00000000d6b00000)
  from space 512K, 100% used [0x00000000d7200000,0x00000000d7280000,0x00000000d7280000)
  to   space 4608K, 0% used [0x00000000d6b00000,0x00000000d6b00000,0x00000000d6f80000)
 ParOldGen       total 68608K, used 47871K [0x0000000080000000, 0x0000000084300000, 0x00000000d5580000)
  object space 68608K, 69% used [0x0000000080000000,0x0000000082ebfcc8,0x0000000084300000)
 Metaspace       used 49145K, committed 50432K, reserved 1114112K
  class space    used 5350K, committed 5888K, reserved 1048576K
}
Event: 25.948 GC heap before
{Heap before GC invocations=29 (full 2):
 PSYoungGen      total 22528K, used 22500K [0x00000000d5580000, 0x00000000d7400000, 0x0000000100000000)
  eden space 22016K, 99% used [0x00000000d5580000,0x00000000d6af9110,0x00000000d6b00000)
  from space 512K, 100% used [0x00000000d7200000,0x00000000d7280000,0x00000000d7280000)
  to   space 4608K, 0% used [0x00000000d6b00000,0x00000000d6b00000,0x00000000d6f80000)
 ParOldGen       total 68608K, used 47871K [0x0000000080000000, 0x0000000084300000, 0x00000000d5580000)
  object space 68608K, 69% used [0x0000000080000000,0x0000000082ebfcc8,0x0000000084300000)
 Metaspace       used 51315K, committed 52608K, reserved 1114112K
  class space    used 5626K, committed 6208K, reserved 1048576K
}
Event: 25.953 GC heap after
{Heap after GC invocations=29 (full 2):
 PSYoungGen      total 26624K, used 866K [0x00000000d5580000, 0x00000000d7280000, 0x0000000100000000)
  eden space 22016K, 0% used [0x00000000d5580000,0x00000000d5580000,0x00000000d6b00000)
  from space 4608K, 18% used [0x00000000d6b00000,0x00000000d6bd8980,0x00000000d6f80000)
  to   space 2048K, 0% used [0x00000000d7080000,0x00000000d7080000,0x00000000d7280000)
 ParOldGen       total 68608K, used 48404K [0x0000000080000000, 0x0000000084300000, 0x00000000d5580000)
  object space 68608K, 70% used [0x0000000080000000,0x0000000082f45020,0x0000000084300000)
 Metaspace       used 51315K, committed 52608K, reserved 1114112K
  class space    used 5626K, committed 6208K, reserved 1048576K
}
Event: 26.770 GC heap before
{Heap before GC invocations=30 (full 2):
 PSYoungGen      total 26624K, used 22821K [0x00000000d5580000, 0x00000000d7280000, 0x0000000100000000)
  eden space 22016K, 99% used [0x00000000d5580000,0x00000000d6af0bd0,0x00000000d6b00000)
  from space 4608K, 18% used [0x00000000d6b00000,0x00000000d6bd8980,0x00000000d6f80000)
  to   space 2048K, 0% used [0x00000000d7080000,0x00000000d7080000,0x00000000d7280000)
 ParOldGen       total 68608K, used 48404K [0x0000000080000000, 0x0000000084300000, 0x00000000d5580000)
  object space 68608K, 70% used [0x0000000080000000,0x0000000082f45020,0x0000000084300000)
 Metaspace       used 52685K, committed 54016K, reserved 1114112K
  class space    used 5749K, committed 6336K, reserved 1048576K
}
Event: 26.773 GC heap after
{Heap after GC invocations=30 (full 2):
 PSYoungGen      total 22528K, used 416K [0x00000000d5580000, 0x00000000d7100000, 0x0000000100000000)
  eden space 22016K, 0% used [0x00000000d5580000,0x00000000d5580000,0x00000000d6b00000)
  from space 512K, 81% used [0x00000000d7080000,0x00000000d70e8000,0x00000000d7100000)
  to   space 1024K, 0% used [0x00000000d6f00000,0x00000000d6f00000,0x00000000d7000000)
 ParOldGen       total 68608K, used 49180K [0x0000000080000000, 0x0000000084300000, 0x00000000d5580000)
  object space 68608K, 71% used [0x0000000080000000,0x0000000083007218,0x0000000084300000)
 Metaspace       used 52685K, committed 54016K, reserved 1114112K
  class space    used 5749K, committed 6336K, reserved 1048576K
}
Event: 27.643 GC heap before
{Heap before GC invocations=31 (full 2):
 PSYoungGen      total 22528K, used 22432K [0x00000000d5580000, 0x00000000d7100000, 0x0000000100000000)
  eden space 22016K, 100% used [0x00000000d5580000,0x00000000d6b00000,0x00000000d6b00000)
  from space 512K, 81% used [0x00000000d7080000,0x00000000d70e8000,0x00000000d7100000)
  to   space 1024K, 0% used [0x00000000d6f00000,0x00000000d6f00000,0x00000000d7000000)
 ParOldGen       total 68608K, used 49185K [0x0000000080000000, 0x0000000084300000, 0x00000000d5580000)
  object space 68608K, 71% used [0x0000000080000000,0x0000000083008580,0x0000000084300000)
 Metaspace       used 54548K, committed 55872K, reserved 1114112K
  class space    used 5950K, committed 6528K, reserved 1048576K
}
Event: 27.647 GC heap after
{Heap after GC invocations=31 (full 2):
 PSYoungGen      total 23040K, used 867K [0x00000000d5580000, 0x00000000d7100000, 0x0000000100000000)
  eden space 22016K, 0% used [0x00000000d5580000,0x00000000d5580000,0x00000000d6b00000)
  from space 1024K, 84% used [0x00000000d6f00000,0x00000000d6fd8de0,0x00000000d7000000)
  to   space 1024K, 0% used [0x00000000d7000000,0x00000000d7000000,0x00000000d7100000)
 ParOldGen       total 68608K, used 49505K [0x0000000080000000, 0x0000000084300000, 0x00000000d5580000)
  object space 68608K, 72% used [0x0000000080000000,0x0000000083058580,0x0000000084300000)
 Metaspace       used 54548K, committed 55872K, reserved 1114112K
  class space    used 5950K, committed 6528K, reserved 1048576K
}

